<?xml version="1.0" encoding="UTF-8"?>
<!-- Generated by org.testng.reporters.JUnitReportReporter -->
<testsuite hostname="QT-INBG-LT1221" failures="0" tests="1" name="testCases.Login" time="5.345" errors="0" timestamp="2023-04-12T23:52:52 IST" skipped="0">
  <testcase classname="testCases.Login" name="testlogin" time="5.345"/>
  <system-out/>
</testsuite> <!-- testCases.Login -->
