<?xml version="1.0" encoding="UTF-8"?>
<!-- Generated by org.testng.reporters.JUnitReportReporter -->
<testsuite hostname="QT-INBG-LT1221" failures="0" tests="1" name="testCases.accounts.TC_02_Delete_Account" time="0.000" errors="0" timestamp="2023-05-26T22:12:46 IST" skipped="1">
  <testcase classname="testCases.accounts.TC_02_Delete_Account" name="Delete_account" time="0.000">
    <skipped/>
  </testcase> <!-- Delete_account -->
  <system-out/>
</testsuite> <!-- testCases.accounts.TC_02_Delete_Account -->
